This is pdfTeX, Version 3.141592653-2.6-1.40.24 (MiKTeX 22.10) (preloaded format=pdflatex 2022.10.29)  12 NOV 2022 16:57
entering extended mode
 restricted \write18 enabled.
 %&-line parsing enabled.
**./refman.tex
(refman.tex
LaTeX2e <2022-06-01> patch level 5
L3 programming layer <2022-09-28>
(C:\Users\fabri\AppData\Local\Programs\MiKTeX\tex/latex/base\book.cls
Document Class: book 2021/10/04 v1.4n Standard LaTeX document class
(C:\Users\fabri\AppData\Local\Programs\MiKTeX\tex/latex/base\bk10.clo
File: bk10.clo 2021/10/04 v1.4n Standard LaTeX file (size option)
)
\c@part=\count185
\c@chapter=\count186
\c@section=\count187
\c@subsection=\count188
\c@subsubsection=\count189
\c@paragraph=\count190
\c@subparagraph=\count191
\c@figure=\count192
\c@table=\count193
\abovecaptionskip=\skip47
\belowcaptionskip=\skip48
\bibindent=\dimen138
)
(C:\Users\fabri\AppData\Local\Programs\MiKTeX\tex/latex/base\ifthen.sty
Package: ifthen 2022/04/13 v1.1d Standard LaTeX ifthen package (DPC)
)
(C:\Users\fabri\AppData\Local\Programs\MiKTeX\tex/latex/tools\array.sty
Rollback for package 'array' requested -> date 2016-10-06.
         Best approximation is the release introduced on 2016-10-06.

(C:\Users\fabri\AppData\Local\Programs\MiKTeX\tex/latex/tools\array-2016-10-06.
sty
Package: array 2016/10/06 v2.4d Tabular extension package (FMi)
\col@sep=\dimen139
\extrarowheight=\dimen140
\NC@list=\toks16
\extratabsurround=\skip49
\backup@length=\skip50
)) (C:\Users\fabri\AppData\Local\Programs\MiKTeX\tex/latex/base\fixltx2e.sty
Package: fixltx2e 2016/12/29 v2.1a fixes to LaTeX (obsolete)
Applying: [2015/01/01] Old fixltx2e package on input line 46.

Package fixltx2e Warning: fixltx2e is not required with releases after 2015
(fixltx2e)                All fixes are now in the LaTeX kernel.
(fixltx2e)                See the latexrelease package for details.

Already applied: [0000/00/00] Old fixltx2e package on input line 53.
) (doxygen.sty
Package: doxygen 

(C:\Users\fabri\AppData\Local\Programs\MiKTeX\tex/latex/base\alltt.sty
Package: alltt 2021/01/29 v2.0g defines alltt environment
)
(C:\Users\fabri\AppData\Local\Programs\MiKTeX\tex/latex/tools\calc.sty
Package: calc 2017/05/25 v4.3 Infix arithmetic (KKT,FJ)
\calc@Acount=\count194
\calc@Bcount=\count195
\calc@Adimen=\dimen141
\calc@Bdimen=\dimen142
\calc@Askip=\skip51
\calc@Bskip=\skip52
LaTeX Info: Redefining \setlength on input line 80.
LaTeX Info: Redefining \addtolength on input line 81.
\calc@Ccount=\count196
\calc@Cskip=\skip53
)
(C:\Users\fabri\AppData\Local\Programs\MiKTeX\tex/latex/float\float.sty
Package: float 2001/11/08 v1.3d Float enhancements (AL)
\c@float@type=\count197
\float@exts=\toks17
\float@box=\box51
\@float@everytoks=\toks18
\@floatcapt=\box52
)
(C:\Users\fabri\AppData\Local\Programs\MiKTeX\tex/latex/tools\verbatim.sty
Package: verbatim 2020-07-07 v1.5u LaTeX2e package for verbatim enhancements
\every@verbatim=\toks19
\verbatim@line=\toks20
\verbatim@in@stream=\read2
)
(C:\Users\fabri\AppData\Local\Programs\MiKTeX\tex/latex/xcolor\xcolor.sty
Package: xcolor 2022/06/12 v2.14 LaTeX color extensions (UK)

(C:\Users\fabri\AppData\Local\Programs\MiKTeX\tex/latex/graphics-cfg\color.cfg
File: color.cfg 2016/01/02 v1.6 sample color configuration
)
Package xcolor Info: Driver file: pdftex.def on input line 227.

(C:\Users\fabri\AppData\Local\Programs\MiKTeX\tex/latex/graphics-def\pdftex.def
File: pdftex.def 2022/09/22 v1.2b Graphics/color driver for pdftex
\stockwidth=\dimen143
\stockheight=\dimen144
) (C:\Users\fabri\AppData\Local\Programs\MiKTeX\tex/latex/colortbl\colortbl.sty
Package: colortbl 2022/06/20 v1.0f Color table columns (DPC)
\everycr=\toks21
\minrowclearance=\skip54
\rownum=\count198
)
(C:\Users\fabri\AppData\Local\Programs\MiKTeX\tex/latex/graphics\mathcolor.ltx)
Package xcolor Info: Model `cmy' substituted by `cmy0' on input line 1353.
Package xcolor Info: Model `hsb' substituted by `rgb' on input line 1357.
Package xcolor Info: Model `RGB' extended on input line 1369.
Package xcolor Info: Model `HTML' substituted by `rgb' on input line 1371.
Package xcolor Info: Model `Hsb' substituted by `hsb' on input line 1372.
Package xcolor Info: Model `tHsb' substituted by `hsb' on input line 1373.
Package xcolor Info: Model `HSB' substituted by `hsb' on input line 1374.
Package xcolor Info: Model `Gray' substituted by `gray' on input line 1375.
Package xcolor Info: Model `wave' substituted by `hsb' on input line 1376.
) (longtable_doxygen.sty
Package: longtable_doxygen 2014/10/28 v4.11 Multi-page Table package (DPC) - fr
ozen version for doxygen
\LTleft=\skip55
\LTright=\skip56
\LTpre=\skip57
\LTpost=\skip58
\LTchunksize=\count199
\LTcapwidth=\dimen145
\LT@head=\box53
\LT@firsthead=\box54
\LT@foot=\box55
\LT@lastfoot=\box56
\LT@cols=\count266
\LT@rows=\count267
\c@LT@tables=\count268
\c@LT@chunks=\count269
\LT@p@ftn=\toks22
) (tabu_doxygen.sty
Package: tabu_doxygen 2011/02/26 v2.8 - flexible LaTeX tabulars (FC), frozen ve
rsion for doxygen

(C:\Users\fabri\AppData\Local\Programs\MiKTeX\tex/latex/varwidth\varwidth.sty
Package: varwidth 2009/03/30 ver 0.92;  Variable-width minipages
\@vwid@box=\box57
\sift@deathcycles=\count270
\@vwid@loff=\dimen146
\@vwid@roff=\dimen147
)
\c@taburow=\count271
\tabu@nbcols=\count272
\tabu@cnt=\count273
\tabu@Xcol=\count274
\tabu@alloc=\count275
\tabu@nested=\count276
\tabu@target=\dimen148
\tabu@spreadtarget=\dimen149
\tabu@naturalX=\dimen150
\tabucolX=\dimen151
\tabu@Xsum=\dimen152
\extrarowdepth=\dimen153
\abovetabulinesep=\dimen154
\belowtabulinesep=\dimen155
\tabustrutrule=\dimen156
\tabu@thebody=\toks23
\tabu@footnotes=\toks24
\tabu@box=\box58
\tabu@arstrutbox=\box59
\tabu@hleads=\box60
\tabu@vleads=\box61
\tabu@cellskip=\skip59
) (C:\Users\fabri\AppData\Local\Programs\MiKTeX\tex/latex/fancyvrb\fancyvrb.sty
Package: fancyvrb 2022/06/06 4.5 verbatim text (tvz,hv)

(C:\Users\fabri\AppData\Local\Programs\MiKTeX\tex/latex/graphics\keyval.sty
Package: keyval 2022/05/29 v1.15 key=value parser (DPC)
\KV@toks@=\toks25
)
\FV@CodeLineNo=\count277
\FV@InFile=\read3
\FV@TabBox=\box62
\c@FancyVerbLine=\count278
\FV@StepNumber=\count279
\FV@OutFile=\write3
)
(C:\Users\fabri\AppData\Local\Programs\MiKTeX\tex/latex/tools\tabularx.sty
Package: tabularx 2020/01/15 v2.11c `tabularx' package (DPC)
\TX@col@width=\dimen157
\TX@old@table=\dimen158
\TX@old@col=\dimen159
\TX@target=\dimen160
\TX@delta=\dimen161
\TX@cols=\count280
\TX@ftn=\toks26
)
(C:\Users\fabri\AppData\Local\Programs\MiKTeX\tex/latex/tools\multicol.sty
Package: multicol 2021/11/30 v1.9d multicolumn formatting (FMi)
\c@tracingmulticols=\count281
\mult@box=\box63
\multicol@leftmargin=\dimen162
\c@unbalance=\count282
\c@collectmore=\count283
\doublecol@number=\count284
\multicoltolerance=\count285
\multicolpretolerance=\count286
\full@width=\dimen163
\page@free=\dimen164
\premulticols=\dimen165
\postmulticols=\dimen166
\multicolsep=\skip60
\multicolbaselineskip=\skip61
\partial@page=\box64
\last@line=\box65
\maxbalancingoverflow=\dimen167
\mult@rightbox=\box66
\mult@grightbox=\box67
\mult@firstbox=\box68
\mult@gfirstbox=\box69
\@tempa=\box70
\@tempa=\box71
\@tempa=\box72
\@tempa=\box73
\@tempa=\box74
\@tempa=\box75
\@tempa=\box76
\@tempa=\box77
\@tempa=\box78
\@tempa=\box79
\@tempa=\box80
\@tempa=\box81
\@tempa=\box82
\@tempa=\box83
\@tempa=\box84
\@tempa=\box85
\@tempa=\box86
\@tempa=\box87
\@tempa=\box88
\@tempa=\box89
\@tempa=\box90
\@tempa=\box91
\@tempa=\box92
\@tempa=\box93
\@tempa=\box94
\@tempa=\box95
\@tempa=\box96
\@tempa=\box97
\@tempa=\box98
\@tempa=\box99
\@tempa=\box100
\@tempa=\box101
\@tempa=\box102
\@tempa=\box103
\@tempa=\box104
\@tempa=\box105
\c@minrows=\count287
\c@columnbadness=\count288
\c@finalcolumnbadness=\count289
\last@try=\dimen168
\multicolovershoot=\dimen169
\multicolundershoot=\dimen170
\mult@nat@firstbox=\box106
\colbreak@box=\box107
\mc@col@check@num=\count290
)
(C:\Users\fabri\AppData\Local\Programs\MiKTeX\tex/latex/multirow\multirow.sty
Package: multirow 2021/03/15 v2.8 Span multiple rows of a table
\multirow@colwidth=\skip62
\multirow@cntb=\count291
\multirow@dima=\skip63
\bigstrutjot=\dimen171
)
(C:\Users\fabri\AppData\Local\Programs\MiKTeX\tex/latex/hanging\hanging.sty
Package: hanging 2009/09/02 v1.2b hanging paragraphs and punctuation
\h@ngcommawd=\skip64
\h@ngfstopwd=\skip65
\h@ngquotewd=\skip66
\h@ngdquotewd=\skip67
\h@ngquerywd=\skip68
\h@ngexclwd=\skip69
\h@ngcolonwd=\skip70
\h@ngscolonwd=\skip71
)
(C:\Users\fabri\AppData\Local\Programs\MiKTeX\tex/generic/iftex\ifpdf.sty
Package: ifpdf 2019/10/25 v3.4 ifpdf legacy package. Use iftex instead.

(C:\Users\fabri\AppData\Local\Programs\MiKTeX\tex/generic/iftex\iftex.sty
Package: iftex 2022/02/03 v1.0f TeX engine tests
))
(C:\Users\fabri\AppData\Local\Programs\MiKTeX\tex/latex/adjustbox\adjustbox.sty
Package: adjustbox 2020/08/19 v1.3 Adjusting TeX boxes (trim, clip, ...)
(C:\Users\fabri\AppData\Local\Programs\MiKTeX\tex/latex/xkeyval\xkeyval.sty
Package: xkeyval 2022/06/16 v2.9 package option processing (HA)

(C:\Users\fabri\AppData\Local\Programs\MiKTeX\tex/generic/xkeyval\xkeyval.tex
(C:\Users\fabri\AppData\Local\Programs\MiKTeX\tex/generic/xkeyval\xkvutils.tex
\XKV@toks=\toks27
\XKV@tempa@toks=\toks28
)
\XKV@depth=\count292
File: xkeyval.tex 2014/12/03 v2.7a key=value parser (HA)
))
(C:\Users\fabri\AppData\Local\Programs\MiKTeX\tex/latex/adjustbox\adjcalc.sty
Package: adjcalc 2012/05/16 v1.1 Provides advanced setlength with multiple back
-ends (calc, etex, pgfmath)
)
(C:\Users\fabri\AppData\Local\Programs\MiKTeX\tex/latex/adjustbox\trimclip.sty
Package: trimclip 2020/08/19 v1.2 Trim and clip general TeX material

(C:\Users\fabri\AppData\Local\Programs\MiKTeX\tex/latex/graphics\graphicx.sty
Package: graphicx 2021/09/16 v1.2d Enhanced LaTeX Graphics (DPC,SPQR)

(C:\Users\fabri\AppData\Local\Programs\MiKTeX\tex/latex/graphics\graphics.sty
Package: graphics 2022/03/10 v1.4e Standard LaTeX Graphics (DPC,SPQR)

(C:\Users\fabri\AppData\Local\Programs\MiKTeX\tex/latex/graphics\trig.sty
Package: trig 2021/08/11 v1.11 sin cos tan (DPC)
)
(C:\Users\fabri\AppData\Local\Programs\MiKTeX\tex/latex/graphics-cfg\graphics.c
fg
File: graphics.cfg 2016/06/04 v1.11 sample graphics configuration
)
Package graphics Info: Driver file: pdftex.def on input line 107.
)
\Gin@req@height=\dimen172
\Gin@req@width=\dimen173
)
(C:\Users\fabri\AppData\Local\Programs\MiKTeX\tex/latex/collectbox\collectbox.s
ty
Package: collectbox 2012/05/17 v0.4b Collect macro arguments as boxes
\collectedbox=\box108
)
\tc@llx=\dimen174
\tc@lly=\dimen175
\tc@urx=\dimen176
\tc@ury=\dimen177
Package trimclip Info: Using driver 'tc-pdftex.def'.

(C:\Users\fabri\AppData\Local\Programs\MiKTeX\tex/latex/adjustbox\tc-pdftex.def
File: tc-pdftex.def 2019/01/04 v2.2 Clipping driver for pdftex
))
\adjbox@Width=\dimen178
\adjbox@Height=\dimen179
\adjbox@Depth=\dimen180
\adjbox@Totalheight=\dimen181
\adjbox@pwidth=\dimen182
\adjbox@pheight=\dimen183
\adjbox@pdepth=\dimen184
\adjbox@ptotalheight=\dimen185

(C:\Users\fabri\AppData\Local\Programs\MiKTeX\tex/latex/ifoddpage\ifoddpage.sty
Package: ifoddpage 2016/04/23 v1.1 Conditionals for odd/even page detection
\c@checkoddpage=\count293
)) (C:\Users\fabri\AppData\Local\Programs\MiKTeX\tex/latex/amsfonts\amssymb.sty
Package: amssymb 2013/01/14 v3.01 AMS font symbols
(C:\Users\fabri\AppData\Local\Programs\MiKTeX\tex/latex/amsfonts\amsfonts.sty
Package: amsfonts 2013/01/14 v3.01 Basic AMSFonts support
\@emptytoks=\toks29
\symAMSa=\mathgroup4
\symAMSb=\mathgroup5
LaTeX Font Info:    Redeclaring math symbol \hbar on input line 98.
LaTeX Font Info:    Overwriting math alphabet `\mathfrak' in version `bold'
(Font)                  U/euf/m/n --> U/euf/b/n on input line 106.
))
(C:\Users\fabri\AppData\Local\Programs\MiKTeX\tex/latex/stackengine\stackengine
.sty
Package: stackengine 2021/07/22 v4.11\ Stacking text and objects in convenient 
ways

(C:\Users\fabri\AppData\Local\Programs\MiKTeX\tex/latex/etoolbox\etoolbox.sty
Package: etoolbox 2020/10/05 v2.5k e-TeX tools for LaTeX (JAW)
\etb@tempcnta=\count294
)
(C:\Users\fabri\AppData\Local\Programs\MiKTeX\tex/latex/listofitems\listofitems
.sty
(C:\Users\fabri\AppData\Local\Programs\MiKTeX\tex/generic/listofitems\listofite
ms.tex
\loi_cnt_foreach_nest=\count295
\loi_nestcnt=\count296
)
Package: listofitems 2019/08/21 v1.63 Grab items in lists using user-specified 
sep char (CT)
)
\c@@stackindex=\count297
\@boxshift=\skip72
\stack@tmplength=\skip73
\temp@stkl=\skip74
\@stackedboxwidth=\skip75
\@addedbox=\box109
\@anchorbox=\box110
\@insetbox=\box111
\se@backgroundbox=\box112
\stackedbox=\box113
\@centerbox=\box114
\c@ROWcellindex@=\count298
)
(C:\Users\fabri\AppData\Local\Programs\MiKTeX\tex/latex/enumitem\enumitem.sty
Package: enumitem 2019/06/20 v3.9 Customized lists
\labelindent=\skip76
\enit@outerparindent=\dimen186
\enit@toks=\toks30
\enit@inbox=\box115
\enit@count@id=\count299
\enitdp@description=\count300
)
(C:\Users\fabri\AppData\Local\Programs\MiKTeX\tex/generic/alphalph\alphalph.sty
Package: alphalph 2019/12/09 v2.6 Convert numbers to letters (HO)

(C:\Users\fabri\AppData\Local\Programs\MiKTeX\tex/generic/infwarerr\infwarerr.s
ty
Package: infwarerr 2019/12/03 v1.5 Providing info/warning/error messages (HO)
)
(C:\Users\fabri\AppData\Local\Programs\MiKTeX\tex/generic/intcalc\intcalc.sty
Package: intcalc 2019/12/15 v1.3 Expandable calculations with integers (HO)
)) (C:\Users\fabri\AppData\Local\Programs\MiKTeX\tex/latex/ulem\ulem.sty
\UL@box=\box116
\UL@hyphenbox=\box117
\UL@skip=\skip77
\UL@hook=\toks31
\UL@height=\dimen187
\UL@pe=\count301
\UL@pixel=\dimen188
\ULC@box=\box118
Package: ulem 2019/11/18
\ULdepth=\dimen189
)
\xrefbox=\box119
\xreflength=\skip78
\CodeWidthChar=\skip79
\CodeHeightChar=\skip80
\DoxyCodeWidth=\skip81
\c@DoxyEnumeratei=\count302
\c@DoxyEnumerateii=\count303
\c@DoxyEnumerateiii=\count304
\c@DoxyEnumerateiv=\count305
\c@DoxyEnumeratev=\count306
\c@DoxyEnumeratevi=\count307
\c@DoxyEnumeratevii=\count308
\c@DoxyEnumerateviii=\count309
\c@DoxyEnumerateix=\count310
\c@DoxyEnumeratex=\count311
\c@DoxyEnumeratexi=\count312
\c@DoxyEnumeratexii=\count313
\enitdp@DoxyEnumerate=\count314
\enitdp@DoxyItemize=\count315
)
(C:\Users\fabri\AppData\Local\Programs\MiKTeX\tex/latex/base\inputenc.sty
Package: inputenc 2021/02/14 v1.3d Input encoding file
\inpenc@prehook=\toks32
\inpenc@posthook=\toks33
)
(C:\Users\fabri\AppData\Local\Programs\MiKTeX\tex/latex/base\makeidx.sty
Package: makeidx 2021/10/04 v1.0m Standard LaTeX package
)
(C:\Users\fabri\AppData\Local\Programs\MiKTeX\tex/latex/base\textcomp.sty
Package: textcomp 2020/02/02 v2.0n Standard LaTeX package
)
(C:\Users\fabri\AppData\Local\Programs\MiKTeX\tex/latex/wasysym\wasysym.sty
Package: wasysym 2020/01/19 v2.4 Wasy-2 symbol support package
\symwasy=\mathgroup6
LaTeX Font Info:    Overwriting symbol font `wasy' in version `bold'
(Font)                  U/wasy/m/n --> U/wasy/b/n on input line 93.
)
(C:\Users\fabri\AppData\Local\Programs\MiKTeX\tex/generic/iftex\ifxetex.sty
Package: ifxetex 2019/10/25 v0.7 ifxetex legacy package. Use iftex instead.
)
(C:\Users\fabri\AppData\Local\Programs\MiKTeX\tex/generic/babel\babel.sty
Package: babel 2022/10/04 3.81 The Babel package
\babel@savecnt=\count316
\U@D=\dimen190
\l@unhyphenated=\language79

(C:\Users\fabri\AppData\Local\Programs\MiKTeX\tex/generic/babel\txtbabel.def)
\bbl@readstream=\read4
\bbl@dirlevel=\count317

*************************************
* Local config file bblopts.cfg used
*
(C:\Users\fabri\AppData\Local\Programs\MiKTeX\tex/latex/arabi\bblopts.cfg
File: bblopts.cfg 2005/09/08 v0.1 add Arabic and Farsi to "declared" options of
 babel
)
(C:\Users\fabri\AppData\Local\Programs\MiKTeX\tex/latex/babel-spanish\spanish.l
df
Language: spanish.ldf 2021/05/27 v5.0q Spanish support from the babel system
\es@quottoks=\toks34
\es@quotdepth=\count318
Package babel Info: Making " an active character on input line 570.
Package babel Info: Making . an active character on input line 675.
Package babel Info: Making < an active character on input line 722.
Package babel Info: Making > an active character on input line 722.
))
(C:\Users\fabri\AppData\Local\Programs\MiKTeX\tex/generic/babel/locale/es\babel
-spanish.tex
Package babel Info: Importing font and identification data for spanish
(babel)             from babel-es.ini. Reported on input line 11.
)
(C:\Users\fabri\AppData\Local\Programs\MiKTeX\tex/latex/base\fontenc.sty
Package: fontenc 2021/04/29 v2.0v Standard LaTeX package
)
(C:\Users\fabri\AppData\Local\Programs\MiKTeX\tex/latex/psnfss\helvet.sty
Package: helvet 2020/03/25 PSNFSS-v9.3 (WaS) 
)
(C:\Users\fabri\AppData\Local\Programs\MiKTeX\tex/latex/psnfss\courier.sty
Package: courier 2020/03/25 PSNFSS-v9.3 (WaS) 
)
(C:\Users\fabri\AppData\Local\Programs\MiKTeX\tex/latex/sectsty\sectsty.sty
Package: sectsty 2002/02/25 v2.0.2 Commands to change all sectional heading sty
les


LaTeX Warning: Command \underbar  has changed.
               Check if current package is valid.


LaTeX Warning: Command \underline  has changed.
               Check if current package is valid.

) (C:\Users\fabri\AppData\Local\Programs\MiKTeX\tex/latex/geometry\geometry.sty
Package: geometry 2020/01/02 v5.9 Page Geometry
(C:\Users\fabri\AppData\Local\Programs\MiKTeX\tex/generic/iftex\ifvtex.sty
Package: ifvtex 2019/10/25 v1.7 ifvtex legacy package. Use iftex instead.
)
\Gm@cnth=\count319
\Gm@cntv=\count320
\c@Gm@tempcnt=\count321
\Gm@bindingoffset=\dimen191
\Gm@wd@mp=\dimen192
\Gm@odd@mp=\dimen193
\Gm@even@mp=\dimen194
\Gm@layoutwidth=\dimen195
\Gm@layoutheight=\dimen196
\Gm@layouthoffset=\dimen197
\Gm@layoutvoffset=\dimen198
\Gm@dimlist=\toks35

(C:\Users\fabri\AppData\Local\Programs\MiKTeX\tex/latex/geometry\geometry.cfg))
(C:\Users\fabri\AppData\Local\Programs\MiKTeX\tex/latex/fancyhdr\fancyhdr.sty
Package: fancyhdr 2022/05/18 v4.0.3 Extensive control of page headers and foote
rs
\f@nch@headwidth=\skip82
\f@nch@O@elh=\skip83
\f@nch@O@erh=\skip84
\f@nch@O@olh=\skip85
\f@nch@O@orh=\skip86
\f@nch@O@elf=\skip87
\f@nch@O@erf=\skip88
\f@nch@O@olf=\skip89
\f@nch@O@orf=\skip90
)
(C:\Users\fabri\AppData\Local\Programs\MiKTeX\tex/latex/natbib\natbib.sty
Package: natbib 2010/09/13 8.31b (PWD, AO)
\bibhang=\skip91
\bibsep=\skip92
LaTeX Info: Redefining \cite on input line 694.
\c@NAT@ctr=\count322
)
(C:\Users\fabri\AppData\Local\Programs\MiKTeX\tex/latex/tocloft\tocloft.sty
Package: tocloft 2017/08/31 v2.3i parameterised ToC, etc., typesetting
Package tocloft Info: The document has chapter divisions on input line 51.
\cftparskip=\skip93
\cftbeforetoctitleskip=\skip94
\cftaftertoctitleskip=\skip95
\cftbeforepartskip=\skip96
\cftpartnumwidth=\skip97
\cftpartindent=\skip98
\cftbeforechapskip=\skip99
\cftchapindent=\skip100
\cftchapnumwidth=\skip101
\cftbeforesecskip=\skip102
\cftsecindent=\skip103
\cftsecnumwidth=\skip104
\cftbeforesubsecskip=\skip105
\cftsubsecindent=\skip106
\cftsubsecnumwidth=\skip107
\cftbeforesubsubsecskip=\skip108
\cftsubsubsecindent=\skip109
\cftsubsubsecnumwidth=\skip110
\cftbeforeparaskip=\skip111
\cftparaindent=\skip112
\cftparanumwidth=\skip113
\cftbeforesubparaskip=\skip114
\cftsubparaindent=\skip115
\cftsubparanumwidth=\skip116
\cftbeforeloftitleskip=\skip117
\cftafterloftitleskip=\skip118
\cftbeforefigskip=\skip119
\cftfigindent=\skip120
\cftfignumwidth=\skip121
\c@lofdepth=\count323
\c@lotdepth=\count324
\cftbeforelottitleskip=\skip122
\cftafterlottitleskip=\skip123
\cftbeforetabskip=\skip124
\cfttabindent=\skip125
\cfttabnumwidth=\skip126
)
\@indexfile=\write4
\openout4 = `refman.idx'.


Writing index file refman.idx

(C:\Users\fabri\AppData\Local\Programs\MiKTeX\tex/latex/newunicodechar\newunico
dechar.sty
Package: newunicodechar 2018/04/08 v1.2 Defining Unicode characters
)

Package newunicodechar Warning: Redefining Unicode character on input line 117.



Package newunicodechar Warning: Redefining Unicode character on input line 118.


(C:\Users\fabri\AppData\Local\Programs\MiKTeX\tex/latex/hyperref\hyperref.sty
Package: hyperref 2022-09-22 v7.00t Hypertext links for LaTeX

(C:\Users\fabri\AppData\Local\Programs\MiKTeX\tex/generic/ltxcmds\ltxcmds.sty
Package: ltxcmds 2020-05-10 v1.25 LaTeX kernel commands for general use (HO)
)
(C:\Users\fabri\AppData\Local\Programs\MiKTeX\tex/generic/pdftexcmds\pdftexcmds
.sty
Package: pdftexcmds 2020-06-27 v0.33 Utility functions of pdfTeX for LuaTeX (HO
)
Package pdftexcmds Info: \pdf@primitive is available.
Package pdftexcmds Info: \pdf@ifprimitive is available.
Package pdftexcmds Info: \pdfdraftmode found.
)
(C:\Users\fabri\AppData\Local\Programs\MiKTeX\tex/latex/kvsetkeys\kvsetkeys.sty
Package: kvsetkeys 2022-10-05 v1.19 Key value parser (HO)
)
(C:\Users\fabri\AppData\Local\Programs\MiKTeX\tex/generic/kvdefinekeys\kvdefine
keys.sty
Package: kvdefinekeys 2019-12-19 v1.6 Define keys (HO)
)
(C:\Users\fabri\AppData\Local\Programs\MiKTeX\tex/generic/pdfescape\pdfescape.s
ty
Package: pdfescape 2019/12/09 v1.15 Implements pdfTeX's escape features (HO)
) (C:\Users\fabri\AppData\Local\Programs\MiKTeX\tex/latex/hycolor\hycolor.sty
Package: hycolor 2020-01-27 v1.10 Color options for hyperref/bookmark (HO)
)
(C:\Users\fabri\AppData\Local\Programs\MiKTeX\tex/latex/letltxmacro\letltxmacro
.sty
Package: letltxmacro 2019/12/03 v1.6 Let assignment for LaTeX macros (HO)
)
(C:\Users\fabri\AppData\Local\Programs\MiKTeX\tex/latex/auxhook\auxhook.sty
Package: auxhook 2019-12-17 v1.6 Hooks for auxiliary files (HO)
)
(C:\Users\fabri\AppData\Local\Programs\MiKTeX\tex/latex/hyperref\nameref.sty
Package: nameref 2022-05-17 v2.50 Cross-referencing by name of section

(C:\Users\fabri\AppData\Local\Programs\MiKTeX\tex/latex/refcount\refcount.sty
Package: refcount 2019/12/15 v3.6 Data extraction from label references (HO)
)
(C:\Users\fabri\AppData\Local\Programs\MiKTeX\tex/generic/gettitlestring\gettit
lestring.sty
Package: gettitlestring 2019/12/15 v1.6 Cleanup title references (HO)

(C:\Users\fabri\AppData\Local\Programs\MiKTeX\tex/latex/kvoptions\kvoptions.sty
Package: kvoptions 2022-06-15 v3.15 Key value format for package options (HO)
))
\c@section@level=\count325
)
\@linkdim=\dimen199
\Hy@linkcounter=\count326
\Hy@pagecounter=\count327
 (C:\Users\fabri\AppData\Local\Programs\MiKTeX\tex/latex/hyperref\pd1enc.def
File: pd1enc.def 2022-09-22 v7.00t Hyperref: PDFDocEncoding definition (HO)
Now handling font encoding PD1 ...
... no UTF-8 mapping file for font encoding PD1
)
(C:\Users\fabri\AppData\Local\Programs\MiKTeX\tex/generic/etexcmds\etexcmds.sty
Package: etexcmds 2019/12/15 v1.7 Avoid name clashes with e-TeX commands (HO)
)
\Hy@SavedSpaceFactor=\count328
 (C:\Users\fabri\AppData\Local\Programs\MiKTeX\tex/latex/hyperref\puenc.def
File: puenc.def 2022-09-22 v7.00t Hyperref: PDF Unicode definition (HO)
Now handling font encoding PU ...
... no UTF-8 mapping file for font encoding PU
)
Package hyperref Info: Hyper figures OFF on input line 4162.
Package hyperref Info: Link nesting OFF on input line 4167.
Package hyperref Info: Hyper index ON on input line 4170.
Package hyperref Info: Plain pages OFF on input line 4177.
Package hyperref Info: Backreferencing ON on input line 4180.
Package hyperref Info: Implicit mode ON; LaTeX internals redefined.
Package hyperref Info: Bookmarks ON on input line 4410.

(C:\Users\fabri\AppData\Local\Programs\MiKTeX\tex/latex/hyperref\backref.sty
Package: backref 2021/02/04 v1.41 Bibliographical back referencing

(C:\Users\fabri\AppData\Local\Programs\MiKTeX\tex/latex/rerunfilecheck\rerunfil
echeck.sty
Package: rerunfilecheck 2022-07-10 v1.10 Rerun checks for auxiliary files (HO)

(C:\Users\fabri\AppData\Local\Programs\MiKTeX\tex/latex/base\atveryend-ltx.sty
Package: atveryend-ltx 2020/08/19 v1.0a Emulation of the original atveryend pac
kage
with kernel methods
)
(C:\Users\fabri\AppData\Local\Programs\MiKTeX\tex/generic/uniquecounter\uniquec
ounter.sty
Package: uniquecounter 2019/12/15 v1.4 Provide unlimited unique counter (HO)

(C:\Users\fabri\AppData\Local\Programs\MiKTeX\tex/generic/bigintcalc\bigintcalc
.sty
Package: bigintcalc 2019/12/15 v1.5 Expandable calculations on big integers (HO
)
))
Package uniquecounter Info: New unique counter `rerunfilecheck' on input line 2
85.
))
\c@Hy@tempcnt=\count329
 (C:\Users\fabri\AppData\Local\Programs\MiKTeX\tex/latex/url\url.sty
\Urlmuskip=\muskip16
Package: url 2013/09/16  ver 3.4  Verb mode for urls, etc.
)
LaTeX Info: Redefining \url on input line 4748.
\XeTeXLinkMargin=\dimen256

(C:\Users\fabri\AppData\Local\Programs\MiKTeX\tex/generic/bitset\bitset.sty
Package: bitset 2019/12/09 v1.3 Handle bit-vector datatype (HO)
)
\Fld@menulength=\count330
\Field@Width=\dimen257
\Fld@charsize=\dimen258
Package hyperref Info: Hyper figures OFF on input line 6027.
Package hyperref Info: Link nesting OFF on input line 6032.
Package hyperref Info: Hyper index ON on input line 6035.
Package hyperref Info: backreferencing ON on input line 6040.
Package hyperref Info: Link coloring OFF on input line 6047.
Package hyperref Info: Link coloring with OCG OFF on input line 6052.
Package hyperref Info: PDF/A mode OFF on input line 6057.

(C:\Users\fabri\AppData\Local\Programs\MiKTeX\tex/latex/base\atbegshi-ltx.sty
Package: atbegshi-ltx 2021/01/10 v1.0c Emulation of the original atbegshi
package with kernel methods
)
\Hy@abspage=\count331
\c@Item=\count332
\c@Hfootnote=\count333


LaTeX Warning: Command \LT@p@ftntext  has changed.
               Check if current package is valid.

)
Package hyperref Info: Driver: hpdftex.
 (C:\Users\fabri\AppData\Local\Programs\MiKTeX\tex/latex/hyperref\hpdftex.def
File: hpdftex.def 2022-09-22 v7.00t Hyperref driver for pdfTeX
\Fld@listcount=\count334
\c@bookmark@seq@number=\count335
\Hy@SectionHShift=\skip127
)
Package hyperref Info: Option `colorlinks' set `true' on input line 137.
Package hyperref Info: Option `unicode' set `true' on input line 137.
(C:\Users\fabri\AppData\Local\Programs\MiKTeX\tex/latex/caption\caption.sty
Package: caption 2022/03/01 v3.6b Customizing captions (AR)

(C:\Users\fabri\AppData\Local\Programs\MiKTeX\tex/latex/caption\caption3.sty
Package: caption3 2022/03/17 v2.3b caption3 kernel (AR)
\caption@tempdima=\dimen259
\captionmargin=\dimen260
\caption@leftmargin=\dimen261
\caption@rightmargin=\dimen262
\caption@width=\dimen263
\caption@indent=\dimen264
\caption@parindent=\dimen265
\caption@hangindent=\dimen266
Package caption Info: Standard document class detected.
)
\c@caption@flags=\count336
\c@continuedfloat=\count337
Package caption Info: float package is loaded.
Package caption Info: hyperref package is loaded.
Package caption Info: longtable package is loaded.

(C:\Users\fabri\AppData\Local\Programs\MiKTeX\tex/latex/caption\ltcaption.sty
Package: ltcaption 2021/01/08 v1.4c longtable captions (AR)
)) (C:\Users\fabri\AppData\Local\Programs\MiKTeX\tex/latex/etoc\etoc.sty
Package: etoc 2022/08/30 v1.09f Completely customisable TOCs (JFB)
\Etoc@toctoks=\toks36
\c@etoc@tocid=\count338
\c@etoc@tocdepth=\count339
\etoc@framed@titlebox=\box120
\etoc@framed@contentsbox=\box121
)
LaTeX Font Info:    Trying to load font information for T1+phv on input line 15
3.

(C:\Users\fabri\AppData\Local\Programs\MiKTeX\tex/latex/psnfss\t1phv.fd
File: t1phv.fd 2020/03/25 scalable font definitions for T1/phv.
)
LaTeX Font Info:    Font shape `T1/phv/m/n' will be
(Font)              scaled to size 8.99994pt on input line 153.

(C:\Users\fabri\AppData\Local\Programs\MiKTeX\tex/latex/l3backend\l3backend-pdf
tex.def
File: l3backend-pdftex.def 2022-09-28 L3 backend support: PDF output (pdfTeX)
\l__color_backend_stack_int=\count340
\l__pdf_internal_box=\box122
) (refman.aux
LaTeX Info: Redefining \. on input line 24.
LaTeX Info: Redefining \% on input line 24.
)
\openout1 = `refman.aux'.

LaTeX Font Info:    Checking defaults for OML/cmm/m/it on input line 153.
LaTeX Font Info:    ... okay on input line 153.
LaTeX Font Info:    Checking defaults for OMS/cmsy/m/n on input line 153.
LaTeX Font Info:    ... okay on input line 153.
LaTeX Font Info:    Checking defaults for OT1/cmr/m/n on input line 153.
LaTeX Font Info:    ... okay on input line 153.
LaTeX Font Info:    Checking defaults for T1/cmr/m/n on input line 153.
LaTeX Font Info:    ... okay on input line 153.
LaTeX Font Info:    Checking defaults for TS1/cmr/m/n on input line 153.
LaTeX Font Info:    ... okay on input line 153.
LaTeX Font Info:    Checking defaults for OMX/cmex/m/n on input line 153.
LaTeX Font Info:    ... okay on input line 153.
LaTeX Font Info:    Checking defaults for U/cmr/m/n on input line 153.
LaTeX Font Info:    ... okay on input line 153.
LaTeX Font Info:    Checking defaults for PD1/pdf/m/n on input line 153.
LaTeX Font Info:    ... okay on input line 153.
LaTeX Font Info:    Checking defaults for PU/pdf/m/n on input line 153.
LaTeX Font Info:    ... okay on input line 153.

(C:\Users\fabri\AppData\Local\Programs\MiKTeX\tex/context/base/mkii\supp-pdf.mk
ii
[Loading MPS to PDF converter (version 2006.09.02).]
\scratchcounter=\count341
\scratchdimen=\dimen267
\scratchbox=\box123
\nofMPsegments=\count342
\nofMParguments=\count343
\everyMPshowfont=\toks37
\MPscratchCnt=\count344
\MPscratchDim=\dimen268
\MPnumerator=\count345
\makeMPintoPDFobject=\count346
\everyMPtoPDFconversion=\toks38
)
(C:\Users\fabri\AppData\Local\Programs\MiKTeX\tex/latex/epstopdf-pkg\epstopdf-b
ase.sty
Package: epstopdf-base 2020-01-24 v2.11 Base part for package epstopdf
Package epstopdf-base Info: Redefining graphics rule for `.eps' on input line 4
85.

(C:\Users\fabri\AppData\Local\Programs\MiKTeX\tex/latex/00miktex\epstopdf-sys.c
fg
File: epstopdf-sys.cfg 2021/03/18 v2.0 Configuration of epstopdf for MiKTeX
))
LaTeX Info: Redefining \. on input line 153.
LaTeX Info: Redefining \% on input line 153.

*geometry* driver: auto-detecting
*geometry* detected driver: pdftex
*geometry* verbose mode - [ preamble ] result:
* driver: pdftex
* paper: a4paper
* layout: <same size as paper>
* layoutoffset:(h,v)=(0.0pt,0.0pt)
* modes: twoside 
* h-part:(L,W,R)=(71.13188pt, 455.24411pt, 71.13188pt)
* v-part:(T,H,B)=(71.13188pt, 702.78308pt, 71.13188pt)
* \paperwidth=597.50787pt
* \paperheight=845.04684pt
* \textwidth=455.24411pt
* \textheight=702.78308pt
* \oddsidemargin=-1.1381pt
* \evensidemargin=-1.1381pt
* \topmargin=-31.2056pt
* \headheight=12.0pt
* \headsep=18.06749pt
* \topskip=10.0pt
* \footskip=25.29494pt
* \marginparwidth=125.0pt
* \marginparsep=7.0pt
* \columnsep=10.0pt
* \skip\footins=9.0pt plus 4.0pt minus 2.0pt
* \hoffset=0.0pt
* \voffset=0.0pt
* \mag=1000
* \@twocolumnfalse
* \@twosidetrue
* \@mparswitchtrue
* \@reversemarginfalse
* (1in=72.27pt=25.4mm, 1cm=28.453pt)

Package backref Info: ** backref set up for natbib ** on input line 153.
Package hyperref Info: Link coloring ON on input line 153.
(refman.out) (refman.out)
\@outlinefile=\write5
\openout5 = `refman.out'.

Package caption Info: Begin \AtBeginDocument code.
Package caption Info: End \AtBeginDocument code.
\Etoc@tf=\read5
Package hyperref Info: Option `pageanchor' set `false' on input line 161.
Package hyperref Info: Option `bookmarksnumbered' set `true' on input line 161.

Package hyperref Info: Option `unicode' set `true' on input line 161.
LaTeX Font Info:    Font shape `T1/phv/m/n' will be
(Font)              scaled to size 12.9599pt on input line 166.
LaTeX Font Info:    Font shape `T1/phv/m/n' will be
(Font)              scaled to size 10.79993pt on input line 168.
 [1


{C:/Users/fabri/AppData/Local/MiKTeX/fonts/map/pdftex/pdftex.map}] [2

]
\tf@toc=\write6
\openout6 = `refman.toc'.

Package hyperref Info: Option `pageanchor' set `true' on input line 177.

Cap\'{\i }tulo 1.
LaTeX Font Info:    Font shape `T1/phv/m/n' will be
(Font)              scaled to size 18.66588pt on input line 179.
LaTeX Font Info:    Font shape `T1/phv/b/n' will be
(Font)              scaled to size 18.66588pt on input line 179.
LaTeX Font Info:    Font shape `T1/phv/bc/n' will be
(Font)              scaled to size 18.66588pt on input line 179.
LaTeX Font Info:    Font shape `T1/phv/m/n' will be
(Font)              scaled to size 22.39185pt on input line 179.
LaTeX Font Info:    Font shape `T1/phv/b/n' will be
(Font)              scaled to size 22.39185pt on input line 179.
LaTeX Font Info:    Font shape `T1/phv/bc/n' will be
(Font)              scaled to size 22.39185pt on input line 179.
(annotated.tex
LaTeX Font Info:    Font shape `T1/phv/b/n' will be
(Font)              scaled to size 12.9599pt on input line 1.
LaTeX Font Info:    Font shape `T1/phv/m/n' will be
(Font)              scaled to size 6.29996pt on input line 2.
LaTeX Font Info:    Trying to load font information for U+msa on input line 2.

(C:\Users\fabri\AppData\Local\Programs\MiKTeX\tex/latex/amsfonts\umsa.fd
File: umsa.fd 2013/01/14 v3.01 AMS symbols A
)
LaTeX Font Info:    Trying to load font information for U+msb on input line 2.

(C:\Users\fabri\AppData\Local\Programs\MiKTeX\tex/latex/amsfonts\umsb.fd
File: umsb.fd 2013/01/14 v3.01 AMS symbols B
)
LaTeX Font Info:    Trying to load font information for U+wasy on input line 2.


(C:\Users\fabri\AppData\Local\Programs\MiKTeX\tex/latex/wasysym\uwasy.fd
File: uwasy.fd 2020/01/19 v2.4 Wasy-2 symbol font definitions
))
LaTeX Font Info:    Font shape `T1/phv/b/n' will be
(Font)              scaled to size 8.99994pt on input line 181.
LaTeX Font Info:    Font shape `T1/phv/b/n' will be
(Font)              scaled to size 6.29996pt on input line 181.

[1


]
LaTeX Info: Redefining \. on input line 181.
LaTeX Info: Redefining \% on input line 181.
 [2

]
Cap\'{\i }tulo 2.
(files.tex

LaTeX Warning: Reference `_symbol_8cc' on page 3 undefined on input line 16.


LaTeX Warning: Reference `_symbol_8h' on page 3 undefined on input line 17.


LaTeX Warning: Reference `_transition_8cc' on page 3 undefined on input line 18
.


LaTeX Warning: Reference `_transition_8h' on page 3 undefined on input line 19.



LaTeX Warning: Reference `_word_8cc' on page 3 undefined on input line 20.


LaTeX Warning: Reference `_word_8h' on page 3 undefined on input line 21.

) [3]
LaTeX Info: Redefining \. on input line 183.
LaTeX Info: Redefining \% on input line 183.
 [4

]
Cap\'{\i }tulo 3.
(class_alphabet.tex
LaTeX Font Info:    Trying to load font information for T1+pcr on input line 5.


(C:\Users\fabri\AppData\Local\Programs\MiKTeX\tex/latex/psnfss\t1pcr.fd
File: t1pcr.fd 2001/06/04 font definitions for T1/pcr.
)
LaTeX Font Info:    Font shape `T1/phv/b/n' will be
(Font)              scaled to size 10.79993pt on input line 7.
LaTeX Font Info:    Font shape `T1/phv/m/n' will be
(Font)              scaled to size 8.09995pt on input line 11.
LaTeX Font Info:    Font shape `T1/phv/m/it' in size <9> not available
(Font)              Font shape `T1/phv/m/sl' tried instead on input line 11.
LaTeX Font Info:    Font shape `T1/phv/m/sl' will be
(Font)              scaled to size 8.09995pt on input line 11.
LaTeX Font Info:    Font shape `T1/phv/b/n' will be
(Font)              scaled to size 7.19995pt on input line 45.
LaTeX Font Info:    Font shape `T1/phv/m/n' will be
(Font)              scaled to size 7.19995pt on input line 46.

[5]
LaTeX Font Info:    Font shape `T1/pcr/m/it' in size <8> not available
(Font)              Font shape `T1/pcr/m/sl' tried instead on input line 56.
LaTeX Info: Redefining \. on input line 98.
LaTeX Info: Redefining \% on input line 98.
 [6] <./class_alphabet_a98e6c425ea887d2925ca2c89b95f17ef_icgraph.pdf

pdfTeX warning: pdflatex (file ./class_alphabet_a98e6c425ea887d2925ca2c89b95f17
ef_icgraph.pdf): PDF inclusion: multiple pdfs with page group included in a sin
gle page
>
<class_alphabet_a98e6c425ea887d2925ca2c89b95f17ef_icgraph.pdf, id=852, 335.2525
pt x 176.66pt>
File: class_alphabet_a98e6c425ea887d2925ca2c89b95f17ef_icgraph.pdf Graphic file
 (type pdf)
<use class_alphabet_a98e6c425ea887d2925ca2c89b95f17ef_icgraph.pdf>
Package pdftex.def Info: class_alphabet_a98e6c425ea887d2925ca2c89b95f17ef_icgra
ph.pdf  used on input line 114.
(pdftex.def)             Requested size: 334.0pt x 175.99913pt.

Underfull \hbox (badness 10000) detected at line 132
[][][]
 []

 <./class_alphabet_ac82d17ceabe35fc0fca02c10ec441ae8_cgraph.pdf

pdfTeX warning: pdflatex (file ./class_alphabet_ac82d17ceabe35fc0fca02c10ec441a
e8_cgraph.pdf): PDF inclusion: multiple pdfs with page group included in a sing
le page
>
<class_alphabet_ac82d17ceabe35fc0fca02c10ec441ae8_cgraph.pdf, id=861, 343.2825p
t x 100.375pt>
File: class_alphabet_ac82d17ceabe35fc0fca02c10ec441ae8_cgraph.pdf Graphic file 
(type pdf)
<use class_alphabet_ac82d17ceabe35fc0fca02c10ec441ae8_cgraph.pdf>
Package pdftex.def Info: class_alphabet_ac82d17ceabe35fc0fca02c10ec441ae8_cgrap
h.pdf  used on input line 139.
(pdftex.def)             Requested size: 342.0pt x 99.9995pt.
LaTeX Info: Redefining \. on input line 142.
LaTeX Info: Redefining \% on input line 142.
 [7] <./class_alphabet_ac82d17ceabe35fc0fca02c10ec441ae8_icgraph.pdf>
<class_alphabet_ac82d17ceabe35fc0fca02c10ec441ae8_icgraph.pdf, id=877, 346.2937
5pt x 100.375pt>
File: class_alphabet_ac82d17ceabe35fc0fca02c10ec441ae8_icgraph.pdf Graphic file
 (type pdf)
<use class_alphabet_ac82d17ceabe35fc0fca02c10ec441ae8_icgraph.pdf>
Package pdftex.def Info: class_alphabet_ac82d17ceabe35fc0fca02c10ec441ae8_icgra
ph.pdf  used on input line 146.
(pdftex.def)             Requested size: 345.0pt x 100.00255pt.

Underfull \hbox (badness 10000) detected at line 159
[][][]
 []

 <./class_alphabet_aafe06af439e38bfec37ba06991adb388_icgraph.pdf

pdfTeX warning: pdflatex (file ./class_alphabet_aafe06af439e38bfec37ba06991adb3
88_icgraph.pdf): PDF inclusion: multiple pdfs with page group included in a sin
gle page
>
<class_alphabet_aafe06af439e38bfec37ba06991adb388_icgraph.pdf, id=885, 275.0275
pt x 100.375pt>
File: class_alphabet_aafe06af439e38bfec37ba06991adb388_icgraph.pdf Graphic file
 (type pdf)
<use class_alphabet_aafe06af439e38bfec37ba06991adb388_icgraph.pdf>
Package pdftex.def Info: class_alphabet_aafe06af439e38bfec37ba06991adb388_icgra
ph.pdf  used on input line 166.
(pdftex.def)             Requested size: 274.0pt x 100.00868pt.
LaTeX Info: Redefining \. on input line 179.
LaTeX Info: Redefining \% on input line 179.
 [8]
Underfull \hbox (badness 10000) detected at line 179
[][][]
 []

 <./class_alphabet_ada503ab99dbbd60b1171706e21ecd988_icgraph.pdf>
<class_alphabet_ada503ab99dbbd60b1171706e21ecd988_icgraph.pdf, id=903, 359.3425
pt x 176.66pt>
File: class_alphabet_ada503ab99dbbd60b1171706e21ecd988_icgraph.pdf Graphic file
 (type pdf)
<use class_alphabet_ada503ab99dbbd60b1171706e21ecd988_icgraph.pdf>
Package pdftex.def Info: class_alphabet_ada503ab99dbbd60b1171706e21ecd988_icgra
ph.pdf  used on input line 186.
(pdftex.def)             Requested size: 350.0pt x 172.07971pt.

Underfull \hbox (badness 10000) detected at line 204
[][][]
 []

 <./class_alphabet_a0f307f0a4e9c0b390ab845b506790f70_icgraph.pdf

pdfTeX warning: pdflatex (file ./class_alphabet_a0f307f0a4e9c0b390ab845b506790f
70_icgraph.pdf): PDF inclusion: multiple pdfs with page group included in a sin
gle page
>
<class_alphabet_a0f307f0a4e9c0b390ab845b506790f70_icgraph.pdf, id=911, 278.0387
6pt x 100.375pt>
File: class_alphabet_a0f307f0a4e9c0b390ab845b506790f70_icgraph.pdf Graphic file
 (type pdf)
<use class_alphabet_a0f307f0a4e9c0b390ab845b506790f70_icgraph.pdf>
Package pdftex.def Info: class_alphabet_a0f307f0a4e9c0b390ab845b506790f70_icgra
ph.pdf  used on input line 211.
(pdftex.def)             Requested size: 277.0pt x 100.00102pt.
LaTeX Info: Redefining \. on input line 214.
LaTeX Info: Redefining \% on input line 214.
 [9]
Underfull \hbox (badness 10000) detected at line 224
[][][]
 []

 <./class_alphabet_a154f45f063a75a8116e8f9022440287e_icgraph.pdf>
<class_alphabet_a154f45f063a75a8116e8f9022440287e_icgraph.pdf, id=926, 324.2112
4pt x 100.375pt>
File: class_alphabet_a154f45f063a75a8116e8f9022440287e_icgraph.pdf Graphic file
 (type pdf)
<use class_alphabet_a154f45f063a75a8116e8f9022440287e_icgraph.pdf>
Package pdftex.def Info: class_alphabet_a154f45f063a75a8116e8f9022440287e_icgra
ph.pdf  used on input line 231.
(pdftex.def)             Requested size: 323.0pt x 100.00562pt.
LaTeX Info: Redefining \. on input line 248.
LaTeX Info: Redefining \% on input line 248.
 [10]
Underfull \hbox (badness 10000) detected at line 249
[][][]
 []

 <./class_alphabet_a3a4cfedb55f681283755d1d52590706b_cgraph.pdf>
<class_alphabet_a3a4cfedb55f681283755d1d52590706b_cgraph.pdf, id=944, 318.18875
pt x 138.5175pt>
File: class_alphabet_a3a4cfedb55f681283755d1d52590706b_cgraph.pdf Graphic file 
(type pdf)
<use class_alphabet_a3a4cfedb55f681283755d1d52590706b_cgraph.pdf>
Package pdftex.def Info: class_alphabet_a3a4cfedb55f681283755d1d52590706b_cgrap
h.pdf  used on input line 256.
(pdftex.def)             Requested size: 317.0pt x 137.99931pt.

Underfull \hbox (badness 10000) detected at line 274
[][][]
 []

LaTeX Info: Redefining \. on input line 296.
LaTeX Info: Redefining \% on input line 296.
[11]
Underfull \hbox (badness 10000) detected at line 297
[][][]
 []

) (class_automata.tex
LaTeX Font Info:    Font shape `T1/pcr/m/it' in size <7> not available
(Font)              Font shape `T1/pcr/m/sl' tried instead on input line 46.
LaTeX Info: Redefining \. on input line 50.
LaTeX Info: Redefining \% on input line 50.
 [12] <./class_automata_ab67873550db3831c61360c26af762ba6_cgraph.pdf

pdfTeX warning: pdflatex (file ./class_automata_ab67873550db3831c61360c26af762b
a6_cgraph.pdf): PDF inclusion: multiple pdfs with page group included in a sing
le page
>
<class_automata_ab67873550db3831c61360c26af762ba6_cgraph.pdf, id=994, 486.81876
pt x 291.0875pt>
File: class_automata_ab67873550db3831c61360c26af762ba6_cgraph.pdf Graphic file 
(type pdf)
<use class_automata_ab67873550db3831c61360c26af762ba6_cgraph.pdf>
Package pdftex.def Info: class_automata_ab67873550db3831c61360c26af762ba6_cgrap
h.pdf  used on input line 61.
(pdftex.def)             Requested size: 350.0pt x 209.27635pt.
LaTeX Info: Redefining \. on input line 85.
LaTeX Info: Redefining \% on input line 85.
 [13]
Underfull \hbox (badness 10000) detected at line 92
[][][]
 []

 <./class_automata_ad90fb4a02ab75fcdb84e7822e54f548c_cgraph.pdf>
<class_automata_ad90fb4a02ab75fcdb84e7822e54f548c_cgraph.pdf, id=1013, 318.1887
5pt x 100.375pt>
File: class_automata_ad90fb4a02ab75fcdb84e7822e54f548c_cgraph.pdf Graphic file 
(type pdf)
<use class_automata_ad90fb4a02ab75fcdb84e7822e54f548c_cgraph.pdf>
Package pdftex.def Info: class_automata_ad90fb4a02ab75fcdb84e7822e54f548c_cgrap
h.pdf  used on input line 99.
(pdftex.def)             Requested size: 317.0pt x 99.9995pt.
 <./class_automata_a9ec263d73f9a306532a73e009da77c4f_cgraph.pdf

pdfTeX warning: pdflatex (file ./class_automata_a9ec263d73f9a306532a73e009da77c
4f_cgraph.pdf): PDF inclusion: multiple pdfs with page group included in a sing
le page
>
<class_automata_a9ec263d73f9a306532a73e009da77c4f_cgraph.pdf, id=1022, 375.4025
pt x 150.5625pt>
File: class_automata_a9ec263d73f9a306532a73e009da77c4f_cgraph.pdf Graphic file 
(type pdf)
<use class_automata_a9ec263d73f9a306532a73e009da77c4f_cgraph.pdf>
Package pdftex.def Info: class_automata_a9ec263d73f9a306532a73e009da77c4f_cgrap
h.pdf  used on input line 116.
(pdftex.def)             Requested size: 350.0pt x 140.38235pt.
 <./class_automata_a9ec263d73f9a306532a73e009da77c4f_icgraph.pdf

pdfTeX warning: pdflatex (file ./class_automata_a9ec263d73f9a306532a73e009da77c
4f_icgraph.pdf): PDF inclusion: multiple pdfs with page group included in a sin
gle page
>
<class_automata_a9ec263d73f9a306532a73e009da77c4f_icgraph.pdf, id=1030, 394.473
75pt x 100.375pt>
File: class_automata_a9ec263d73f9a306532a73e009da77c4f_icgraph.pdf Graphic file
 (type pdf)
<use class_automata_a9ec263d73f9a306532a73e009da77c4f_icgraph.pdf>
Package pdftex.def Info: class_automata_a9ec263d73f9a306532a73e009da77c4f_icgra
ph.pdf  used on input line 123.
(pdftex.def)             Requested size: 350.0pt x 89.0593pt.
LaTeX Info: Redefining \. on input line 126.
LaTeX Info: Redefining \% on input line 126.
 [14]
Underfull \hbox (badness 10000) detected at line 136
[][][]
 []


Underfull \hbox (badness 10000) detected at line 154
[][][]
 []

 <./class_automata_a2938de28d3b12e9e70ab4e7eb140706c_cgraph.pdf>
<class_automata_a2938de28d3b12e9e70ab4e7eb140706c_cgraph.pdf, id=1048, 316.1812
4pt x 100.375pt>
File: class_automata_a2938de28d3b12e9e70ab4e7eb140706c_cgraph.pdf Graphic file 
(type pdf)
<use class_automata_a2938de28d3b12e9e70ab4e7eb140706c_cgraph.pdf>
Package pdftex.def Info: class_automata_a2938de28d3b12e9e70ab4e7eb140706c_cgrap
h.pdf  used on input line 161.
(pdftex.def)             Requested size: 315.0pt x 100.00716pt.
LaTeX Info: Redefining \. on input line 170.
LaTeX Info: Redefining \% on input line 170.
 [15]
Underfull \hbox (badness 10000) detected at line 184
[][][]
 []

) (class_grammar.tex
LaTeX Info: Redefining \. on input line 36.
LaTeX Info: Redefining \% on input line 36.
 [16]
Underfull \hbox (badness 10000) detected at line 83
[][][]
 []

LaTeX Info: Redefining \. on input line 91.
LaTeX Info: Redefining \% on input line 91.
[17]
Underfull \hbox (badness 10000) detected at line 101
[][][]
 []

 <./class_grammar_a999aa23247bc6740d4fe16449df5dd9f_cgraph.pdf

pdfTeX warning: pdflatex (file ./class_grammar_a999aa23247bc6740d4fe16449df5dd9
f_cgraph.pdf): PDF inclusion: multiple pdfs with page group included in a singl
e page
>
<class_grammar_a999aa23247bc6740d4fe16449df5dd9f_cgraph.pdf, id=1110, 359.3425p
t x 138.5175pt>
File: class_grammar_a999aa23247bc6740d4fe16449df5dd9f_cgraph.pdf Graphic file (
type pdf)
<use class_grammar_a999aa23247bc6740d4fe16449df5dd9f_cgraph.pdf>
Package pdftex.def Info: class_grammar_a999aa23247bc6740d4fe16449df5dd9f_cgraph
.pdf  used on input line 108.
(pdftex.def)             Requested size: 350.0pt x 134.92613pt.

Underfull \hbox (badness 10000) detected at line 131
[][][]
 []

LaTeX Info: Redefining \. on input line 138.
LaTeX Info: Redefining \% on input line 138.
[18]) (class_non_terminal_symbol.tex
LaTeX Info: Redefining \. on input line 59.
LaTeX Info: Redefining \% on input line 59.
 [19]
Underfull \hbox (badness 10000) detected at line 83
[][][]
 []


Underfull \hbox (badness 10000) in paragraph at lines 84--85

 []


Underfull \hbox (badness 10000) detected at line 102
[][][]
 []

LaTeX Info: Redefining \. on input line 110.
LaTeX Info: Redefining \% on input line 110.
[20]
Underfull \hbox (badness 10000) detected at line 120
[][][]
 []

 <./class_non_terminal_symbol_a0cd518697c9c7eb9c7ea69323b311819_icgraph.pdf

pdfTeX warning: pdflatex (file ./class_non_terminal_symbol_a0cd518697c9c7eb9c7e
a69323b311819_icgraph.pdf): PDF inclusion: multiple pdfs with page group includ
ed in a single page
>
<class_non_terminal_symbol_a0cd518697c9c7eb9c7ea69323b311819_icgraph.pdf, id=11
64, 541.02126pt x 111.41624pt>
File: class_non_terminal_symbol_a0cd518697c9c7eb9c7ea69323b311819_icgraph.pdf G
raphic file (type pdf)
<use class_non_terminal_symbol_a0cd518697c9c7eb9c7ea69323b311819_icgraph.pdf>
Package pdftex.def Info: class_non_terminal_symbol_a0cd518697c9c7eb9c7ea69323b3
11819_icgraph.pdf  used on input line 143.
(pdftex.def)             Requested size: 350.0pt x 72.07968pt.
LaTeX Info: Redefining \. on input line 160.
LaTeX Info: Redefining \% on input line 160.
 [21]
Underfull \hbox (badness 10000) detected at line 161
[][][]
 []


Underfull \hbox (badness 10000) detected at line 184
[][][]
 []

) (class_production.tex
LaTeX Info: Redefining \. on input line 24.
LaTeX Info: Redefining \% on input line 24.
 [22]
LaTeX Info: Redefining \. on input line 82.
LaTeX Info: Redefining \% on input line 82.
 [23]
Underfull \hbox (badness 10000) detected at line 83
[][][]
 []


Underfull \hbox (badness 10000) detected at line 101
[][][]
 []


Underfull \hbox (badness 10000) detected at line 124
[][][]
 []

LaTeX Info: Redefining \. on input line 132.
LaTeX Info: Redefining \% on input line 132.
[24]) (class_state.tex
LaTeX Info: Redefining \. on input line 63.
LaTeX Info: Redefining \% on input line 63.
 [25]
Underfull \hbox (badness 10000) detected at line 100
[][][]
 []

 <./class_state_a149b6dca129bb208469478a215253aba_icgraph.pdf

pdfTeX warning: pdflatex (file ./class_state_a149b6dca129bb208469478a215253aba_
icgraph.pdf): PDF inclusion: multiple pdfs with page group included in a single
 page
>
<class_state_a149b6dca129bb208469478a215253aba_icgraph.pdf, id=1267, 499.8675pt
 x 176.66pt>
File: class_state_a149b6dca129bb208469478a215253aba_icgraph.pdf Graphic file (t
ype pdf)
<use class_state_a149b6dca129bb208469478a215253aba_icgraph.pdf>
Package pdftex.def Info: class_state_a149b6dca129bb208469478a215253aba_icgraph.
pdf  used on input line 107.
(pdftex.def)             Requested size: 350.0pt x 123.69888pt.
LaTeX Info: Redefining \. on input line 110.
LaTeX Info: Redefining \% on input line 110.
 [26]
Underfull \hbox (badness 10000) detected at line 120
[][][]
 []


Underfull \hbox (badness 10000) detected at line 138
[][][]
 []

LaTeX Info: Redefining \. on input line 149.
LaTeX Info: Redefining \% on input line 149.
[27]
Underfull \hbox (badness 10000) detected at line 156
[][][]
 []


Underfull \hbox (badness 10000) detected at line 174
[][][]
 []


Underfull \hbox (badness 10000) in paragraph at lines 175--176

 []

 <./class_state_a8f20076e7000e8d30987f6238ebe5e09_icgraph.pdf>
<class_state_a8f20076e7000e8d30987f6238ebe5e09_icgraph.pdf, id=1294, 292.09125p
t x 100.375pt>
File: class_state_a8f20076e7000e8d30987f6238ebe5e09_icgraph.pdf Graphic file (t
ype pdf)
<use class_state_a8f20076e7000e8d30987f6238ebe5e09_icgraph.pdf>
Package pdftex.def Info: class_state_a8f20076e7000e8d30987f6238ebe5e09_icgraph.
pdf  used on input line 198.
(pdftex.def)             Requested size: 291.0pt x 100.00868pt.
LaTeX Info: Redefining \. on input line 201.
LaTeX Info: Redefining \% on input line 201.
 [28])
(class_symbol.tex
LaTeX Info: Redefining \. on input line 25.
LaTeX Info: Redefining \% on input line 25.
 [29]
LaTeX Info: Redefining \. on input line 80.
LaTeX Info: Redefining \% on input line 80.
 [30]
Underfull \hbox (badness 10000) detected at line 87
[][][]
 []

 <./class_symbol_a5991c98d85b3308cef72624ae9da9241_icgraph.pdf

pdfTeX warning: pdflatex (file ./class_symbol_a5991c98d85b3308cef72624ae9da9241
_icgraph.pdf): PDF inclusion: multiple pdfs with page group included in a singl
e page
>
<class_symbol_a5991c98d85b3308cef72624ae9da9241_icgraph.pdf, id=1360, 486.81876
pt x 100.375pt>
File: class_symbol_a5991c98d85b3308cef72624ae9da9241_icgraph.pdf Graphic file (
type pdf)
<use class_symbol_a5991c98d85b3308cef72624ae9da9241_icgraph.pdf>
Package pdftex.def Info: class_symbol_a5991c98d85b3308cef72624ae9da9241_icgraph
.pdf  used on input line 94.
(pdftex.def)             Requested size: 350.0pt x 72.16425pt.

Underfull \hbox (badness 10000) detected at line 112
[][][]
 []

LaTeX Info: Redefining \. on input line 129.
LaTeX Info: Redefining \% on input line 129.
[31]
Underfull \hbox (badness 10000) detected at line 130
[][][]
 []


Underfull \hbox (badness 10000) detected at line 148
[][][]
 []

 <./class_symbol_a738aedfef7f2e64e1ce0da470e735f22_icgraph.pdf>
<class_symbol_a738aedfef7f2e64e1ce0da470e735f22_icgraph.pdf, id=1379, 328.22626
pt x 100.375pt>
File: class_symbol_a738aedfef7f2e64e1ce0da470e735f22_icgraph.pdf Graphic file (
type pdf)
<use class_symbol_a738aedfef7f2e64e1ce0da470e735f22_icgraph.pdf>
Package pdftex.def Info: class_symbol_a738aedfef7f2e64e1ce0da470e735f22_icgraph
.pdf  used on input line 165.
(pdftex.def)             Requested size: 327.0pt x 100.00102pt.
LaTeX Info: Redefining \. on input line 178.
LaTeX Info: Redefining \% on input line 178.
 [32]
Underfull \hbox (badness 10000) detected at line 178
[][][]
 []


Underfull \hbox (badness 10000) detected at line 196
[][][]
 []


Underfull \hbox (badness 10000) detected at line 219
[][][]
 []

LaTeX Info: Redefining \. on input line 227.
LaTeX Info: Redefining \% on input line 227.
[33]) (class_transition.tex
LaTeX Info: Redefining \. on input line 65.
LaTeX Info: Redefining \% on input line 65.
 [34]
Underfull \hbox (badness 10000) detected at line 89
[][][]
 []


Underfull \hbox (badness 10000) detected at line 102
[][][]
 []


Underfull \hbox (badness 10000) detected at line 115
[][][]
 []

LaTeX Info: Redefining \. on input line 132.
LaTeX Info: Redefining \% on input line 132.
[35]
Underfull \hbox (badness 10000) detected at line 133
[][][]
 []

LaTeX Info: Redefining \. on input line 182.
LaTeX Info: Redefining \% on input line 182.
[36]
Underfull \hbox (badness 10000) detected at line 194
[][][]
 []

) (class_word.tex
LaTeX Info: Redefining \. on input line 37.
LaTeX Info: Redefining \% on input line 37.
 [37] <./class_word_ab493a31413308d2f06ef5395d63bb1dc_cgraph.pdf

pdfTeX warning: pdflatex (file ./class_word_ab493a31413308d2f06ef5395d63bb1dc_c
graph.pdf): PDF inclusion: multiple pdfs with page group included in a single p
age
>
<class_word_ab493a31413308d2f06ef5395d63bb1dc_cgraph.pdf, id=1516, 301.125pt x 
214.8025pt>
File: class_word_ab493a31413308d2f06ef5395d63bb1dc_cgraph.pdf Graphic file (typ
e pdf)
<use class_word_ab493a31413308d2f06ef5395d63bb1dc_cgraph.pdf>
Package pdftex.def Info: class_word_ab493a31413308d2f06ef5395d63bb1dc_cgraph.pd
f  used on input line 82.
(pdftex.def)             Requested size: 300.0pt x 214.01862pt.
LaTeX Info: Redefining \. on input line 85.
LaTeX Info: Redefining \% on input line 85.
 [38]
LaTeX Info: Redefining \. on input line 122.
LaTeX Info: Redefining \% on input line 122.
 [39]
Underfull \hbox (badness 10000) detected at line 124
[][][]
 []


Underfull \hbox (badness 10000) detected at line 137
[][][]
 []

 <./class_word_a29c0dfb47cd5a361c6bf79888485dbc9_icgraph.pdf>
<class_word_a29c0dfb47cd5a361c6bf79888485dbc9_icgraph.pdf, id=1550, 318.18875pt
 x 100.375pt>
File: class_word_a29c0dfb47cd5a361c6bf79888485dbc9_icgraph.pdf Graphic file (ty
pe pdf)
<use class_word_a29c0dfb47cd5a361c6bf79888485dbc9_icgraph.pdf>
Package pdftex.def Info: class_word_a29c0dfb47cd5a361c6bf79888485dbc9_icgraph.p
df  used on input line 144.
(pdftex.def)             Requested size: 317.0pt x 99.9995pt.
LaTeX Info: Redefining \. on input line 162.
LaTeX Info: Redefining \% on input line 162.
 [40]
Underfull \hbox (badness 10000) detected at line 162
[][][]
 []


Underfull \hbox (badness 10000) detected at line 180
[][][]
 []

 <./class_word_ad3cef0551acaee08923c03cb4b0c0c25_cgraph.pdf>
<class_word_ad3cef0551acaee08923c03cb4b0c0c25_cgraph.pdf, id=1569, 328.22626pt 
x 100.375pt>
File: class_word_ad3cef0551acaee08923c03cb4b0c0c25_cgraph.pdf Graphic file (typ
e pdf)
<use class_word_ad3cef0551acaee08923c03cb4b0c0c25_cgraph.pdf>
Package pdftex.def Info: class_word_ad3cef0551acaee08923c03cb4b0c0c25_cgraph.pd
f  used on input line 187.
(pdftex.def)             Requested size: 327.0pt x 100.00102pt.

Underfull \hbox (badness 10000) detected at line 205
[][][]
 []

LaTeX Info: Redefining \. on input line 213.
LaTeX Info: Redefining \% on input line 213.
[41]
Underfull \hbox (badness 10000) detected at line 223
[][][]
 []

LaTeX Info: Redefining \. on input line 272.
LaTeX Info: Redefining \% on input line 272.
[42]
Underfull \hbox (badness 10000) detected at line 273
[][][]
 []


Underfull \hbox (badness 10000) in paragraph at lines 274--275

 []

 <./class_word_ae7004f1a90960e726f3273c8cd68474f_icgraph.pdf

pdfTeX warning: pdflatex (file ./class_word_ae7004f1a90960e726f3273c8cd68474f_i
cgraph.pdf): PDF inclusion: multiple pdfs with page group included in a single 
page
>
<class_word_ae7004f1a90960e726f3273c8cd68474f_icgraph.pdf, id=1601, 328.22626pt
 x 100.375pt>
File: class_word_ae7004f1a90960e726f3273c8cd68474f_icgraph.pdf Graphic file (ty
pe pdf)
<use class_word_ae7004f1a90960e726f3273c8cd68474f_icgraph.pdf>
Package pdftex.def Info: class_word_ae7004f1a90960e726f3273c8cd68474f_icgraph.p
df  used on input line 281.
(pdftex.def)             Requested size: 327.0pt x 100.00102pt.

Underfull \hbox (badness 10000) detected at line 294
[][][]
 []


Underfull \hbox (badness 10000) detected at line 307
[][][]
 []

LaTeX Info: Redefining \. on input line 324.
LaTeX Info: Redefining \% on input line 324.
[43]
Underfull \hbox (badness 10000) detected at line 325
[][][]
 []


Underfull \hbox (badness 10000) detected at line 348
[][][]
 []

)
LaTeX Info: Redefining \. on input line 193.
LaTeX Info: Redefining \% on input line 193.
 [44]
Cap\'{\i }tulo 4.
(_alphabet_8cc.tex <./_alphabet_8cc__incl.pdf

pdfTeX warning: pdflatex (file ./_alphabet_8cc__incl.pdf): PDF inclusion: multi
ple pdfs with page group included in a single page
>
<_alphabet_8cc__incl.pdf, id=1627, 262.9825pt x 269.005pt>
File: _alphabet_8cc__incl.pdf Graphic file (type pdf)
<use _alphabet_8cc__incl.pdf>
Package pdftex.def Info: _alphabet_8cc__incl.pdf  used on input line 8.
(pdftex.def)             Requested size: 262.0pt x 268.01099pt.
 [45

]
Underfull \hbox (badness 10000) detected at line 36
[][][]
 []

) (_alphabet_8h.tex <./_alphabet_8h__incl.pdf>
<_alphabet_8h__incl.pdf, id=1646, 262.9825pt x 212.795pt>
File: _alphabet_8h__incl.pdf Graphic file (type pdf)
<use _alphabet_8h__incl.pdf>
Package pdftex.def Info: _alphabet_8h__incl.pdf  used on input line 9.
(pdftex.def)             Requested size: 262.0pt x 212.00868pt.
 <./_alphabet_8h__dep__incl.pdf

pdfTeX warning: pdflatex (file ./_alphabet_8h__dep__incl.pdf): PDF inclusion: m
ultiple pdfs with page group included in a single page
>
<_alphabet_8h__dep__incl.pdf, id=1654, 469.755pt x 325.215pt>
File: _alphabet_8h__dep__incl.pdf Graphic file (type pdf)
<use _alphabet_8h__dep__incl.pdf>
Package pdftex.def Info: _alphabet_8h__dep__incl.pdf  used on input line 16.
(pdftex.def)             Requested size: 350.0pt x 242.3078pt.
LaTeX Info: Redefining \. on input line 19.
LaTeX Info: Redefining \% on input line 19.
 [46]) (_alphabet_8h_source.tex
! Argument of \language@active@arg> has an extra }.
<inserted text> 
                \par 
l.7 ... \textcolor{preprocessor}{\#include <set>}}
                                                  
? 
! Emergency stop.
<inserted text> 
                \par 
l.7 ... \textcolor{preprocessor}{\#include <set>}}
                                                  
End of file on the terminal!

 
Here is how much of TeX's memory you used:
 20224 strings out of 475385
 348285 string characters out of 2776906
 701439 words of memory out of 3000000
 40789 multiletter control sequences out of 15000+600000
 530277 words of font info for 105 fonts, out of 8000000 for 9000
 1141 hyphenation exceptions out of 8191
 99i,15n,117p,554b,807s stack positions out of 10000i,1000n,20000p,200000b,80000s
!  ==> Fatal error occurred, no output PDF file produced!
